<?xml version="1.0" encoding="UTF-8"?>
<!-- Generated by org.testng.reporters.JUnitReportReporter -->
<testsuite hostname="LAPTOP-1D7JHQSP" failures="0" tests="1" name="POM_DDF_TestNG.kite_login_testClass" time="4.265" errors="0" timestamp="2021-11-12T13:35:06 IST" skipped="0">
  <testcase classname="POM_DDF_TestNG.kite_login_testClass" name="verifyuserID" time="4.265"/>
  <system-out/>
</testsuite> <!-- POM_DDF_TestNG.kite_login_testClass -->
