<?xml version="1.0" encoding="UTF-8"?>
<!-- Generated by org.testng.reporters.JUnitReportReporter -->
<testsuite hostname="LAPTOP-1D7JHQSP" failures="0" tests="2" name="test_NG.parallel2_demo1" time="14.352" errors="0" timestamp="2021-11-24T07:29:58 IST" skipped="0">
  <testcase classname="test_NG.parallel2_demo1" name="m1" time="7.208"/>
  <system-out/>
  <testcase classname="test_NG.parallel2_demo1" name="m1" time="7.144"/>
  <system-out/>
</testsuite> <!-- test_NG.parallel2_demo1 -->
