<?xml version="1.0" encoding="UTF-8"?>
<!-- Generated by org.testng.reporters.JUnitReportReporter -->
<testsuite hostname="LAPTOP-1D7JHQSP" failures="0" tests="1" name="test_NG.parallel2_demo2" time="11.795" errors="0" timestamp="2021-11-24T07:29:58 IST" skipped="0">
  <testcase classname="test_NG.parallel2_demo2" name="m2" time="11.795"/>
  <system-out/>
</testsuite> <!-- test_NG.parallel2_demo2 -->
