<?xml version="1.0" encoding="UTF-8"?>
<!-- Generated by org.testng.reporters.JUnitReportReporter -->
<testsuite hostname="LAPTOP-1D7JHQSP" failures="0" tests="2" name="test_NG.sample3" time="0.015" errors="0" timestamp="2021-11-01T12:11:48 IST" skipped="0">
  <testcase classname="test_NG.sample3" name="addition" time="0.014"/>
  <system-out>
    <![CDATA[running addition method]]>
  </system-out>
  <testcase classname="test_NG.sample3" name="addition22" time="0.001"/>
  <system-out>
    <![CDATA[running addition method 22]]>
  </system-out>
</testsuite> <!-- test_NG.sample3 -->
