<?xml version="1.0" encoding="UTF-8"?>
<!-- Generated by org.testng.reporters.JUnitReportReporter -->
<testsuite hostname="LAPTOP-1D7JHQSP" failures="0" tests="4" name="test_NG.disable_TC_1" time="0.010" errors="0" timestamp="2021-11-11T18:11:58 IST" skipped="2">
  <testcase classname="test_NG.disable_TC_1" name="m4" time="0.001"/>
  <system-out>
    <![CDATA[running m4]]>
  </system-out>
  <testcase classname="test_NG.disable_TC_1" name="m1" time="0.009"/>
  <system-out>
    <![CDATA[running m1]]>
  </system-out>
  <testcase classname="test_NG.disable_TC_1" name="m2">
    <skipped/>
  </testcase> <!-- m2 -->
  <system-out/>
  <testcase classname="test_NG.disable_TC_1" name="m3">
    <skipped/>
  </testcase> <!-- m3 -->
  <system-out/>
</testsuite> <!-- test_NG.disable_TC_1 -->
