<?xml version="1.0" encoding="UTF-8"?>
<!-- Generated by org.testng.reporters.JUnitReportReporter -->
<testsuite hostname="LAPTOP-1D7JHQSP" failures="0" tests="1" name="test_NG.p1" time="13.759" errors="0" timestamp="2021-11-26T20:08:39 IST" skipped="0">
  <testcase classname="test_NG.p1" name="tc1" time="13.759"/>
  <system-out/>
</testsuite> <!-- test_NG.p1 -->
