<?xml version="1.0" encoding="UTF-8"?>
<!-- Generated by org.testng.reporters.JUnitReportReporter -->
<testsuite hostname="LAPTOP-1D7JHQSP" failures="0" tests="1" name="testNG_assert.sample7_assertFalse" time="0.069" errors="0" timestamp="2021-11-10T11:25:06 IST" skipped="0">
  <testcase classname="testNG_assert.sample7_assertFalse" name="tc" time="0.069"/>
  <system-out/>
</testsuite> <!-- testNG_assert.sample7_assertFalse -->
