<?xml version="1.0" encoding="UTF-8"?>
<!-- Generated by org.testng.reporters.JUnitReportReporter -->
<testsuite hostname="LAPTOP-1D7JHQSP" failures="0" tests="5" name="test_NG.keywords1_invocationCount" time="0.018" errors="0" timestamp="2021-11-06T19:08:01 IST" skipped="0">
  <testcase classname="test_NG.keywords1_invocationCount" name="TC1" time="0.001"/>
  <system-out>
    <![CDATA[running TC1]]>
  </system-out>
  <testcase classname="test_NG.keywords1_invocationCount" name="TC1" time="0.014"/>
  <system-out>
    <![CDATA[running TC1]]>
  </system-out>
  <testcase classname="test_NG.keywords1_invocationCount" name="TC1" time="0.001"/>
  <system-out>
    <![CDATA[running TC1]]>
  </system-out>
  <testcase classname="test_NG.keywords1_invocationCount" name="TC1" time="0.001"/>
  <system-out>
    <![CDATA[running TC1]]>
  </system-out>
  <testcase classname="test_NG.keywords1_invocationCount" name="TC1" time="0.001"/>
  <system-out>
    <![CDATA[running TC1]]>
  </system-out>
</testsuite> <!-- test_NG.keywords1_invocationCount -->
