<?xml version="1.0" encoding="UTF-8"?>
<!-- Generated by org.testng.reporters.JUnitReportReporter -->
<testsuite hostname="LAPTOP-1D7JHQSP" failures="0" tests="1" name="test_NG.parallel1_sample1" time="7.648" errors="0" timestamp="2021-11-11T18:18:26 IST" skipped="0">
  <testcase classname="test_NG.parallel1_sample1" name="tc1" time="7.648"/>
  <system-out/>
</testsuite> <!-- test_NG.parallel1_sample1 -->
