<?xml version="1.0" encoding="UTF-8"?>
<!-- Generated by org.testng.reporters.JUnitReportReporter -->
<testsuite hostname="LAPTOP-1D7JHQSP" failures="0" tests="2" name="test_NG_suite.a1_s3" time="0.002" errors="0" timestamp="2021-11-27T22:33:27 IST" skipped="0">
  <testcase classname="test_NG_suite.a1_s3" name="tc6" time="0.001"/>
  <system-out>
    <![CDATA[running tc6 from s3]]>
  </system-out>
  <testcase classname="test_NG_suite.a1_s3" name="tc5" time="0.001"/>
  <system-out>
    <![CDATA[running tc5 from s3]]>
  </system-out>
</testsuite> <!-- test_NG_suite.a1_s3 -->
