<?xml version="1.0" encoding="UTF-8"?>
<!-- Generated by org.testng.reporters.JUnitReportReporter -->
<testsuite hostname="LAPTOP-1D7JHQSP" failures="0" tests="3" name="test_NG.multibrowser3_" time="26.928" errors="0" timestamp="2021-12-23T10:50:44 IST" skipped="0">
  <testcase classname="test_NG.multibrowser3_" name="testcase1" time="7.738"/>
  <system-out/>
  <testcase classname="test_NG.multibrowser3_" name="testcase1" time="9.273"/>
  <system-out/>
  <testcase classname="test_NG.multibrowser3_" name="testcase1" time="9.917"/>
  <system-out/>
</testsuite> <!-- test_NG.multibrowser3_ -->
