<?xml version="1.0" encoding="UTF-8"?>
<!-- Generated by org.testng.reporters.JUnitReportReporter -->
<testsuite hostname="LAPTOP-1D7JHQSP" failures="0" tests="1" name="testNG_assert.sample5_assert_true" time="0.118" errors="0" timestamp="2021-12-23T10:52:15 IST" skipped="0">
  <testcase classname="testNG_assert.sample5_assert_true" name="m1" time="0.118"/>
  <system-out/>
</testsuite> <!-- testNG_assert.sample5_assert_true -->
