<?xml version="1.0" encoding="UTF-8"?>
<!-- Generated by org.testng.reporters.JUnitReportReporter -->
<testsuite hostname="LAPTOP-1D7JHQSP" failures="0" tests="1" name="POM_DDF_TestNG.flipkart" time="3.033" errors="0" timestamp="2021-11-12T21:31:50 IST" skipped="0">
  <testcase classname="POM_DDF_TestNG.flipkart" name="home" time="3.033"/>
  <system-out/>
</testsuite> <!-- POM_DDF_TestNG.flipkart -->
