<?xml version="1.0" encoding="UTF-8"?>
<!-- Generated by org.testng.reporters.JUnitReportReporter -->
<testsuite hostname="LAPTOP-1D7JHQSP" failures="0" tests="1" name="POM_DDF_TestNG.f5_testNG" time="10.020" errors="0" timestamp="2021-11-12T22:21:48 IST" skipped="0">
  <testcase classname="POM_DDF_TestNG.f5_testNG" name="tc3" time="10.020"/>
  <system-out/>
</testsuite> <!-- POM_DDF_TestNG.f5_testNG -->
