<?xml version="1.0" encoding="UTF-8"?>
<!-- Generated by org.testng.reporters.JUnitReportReporter -->
<testsuite hostname="LAPTOP-1D7JHQSP" failures="0" tests="1" name="POM_DDF_BaseClass_UtilityClass.kite_2" time="3.494" errors="0" timestamp="2021-11-13T15:43:04 IST" skipped="0">
  <testcase classname="POM_DDF_BaseClass_UtilityClass.kite_2" name="homepage11" time="3.494"/>
  <system-out/>
</testsuite> <!-- POM_DDF_BaseClass_UtilityClass.kite_2 -->
