<?xml version="1.0" encoding="UTF-8"?>
<!-- Generated by org.testng.reporters.JUnitReportReporter -->
<testsuite hostname="LAPTOP-1D7JHQSP" failures="0" tests="1" name="test_NG.keywords3_timeOut" time="4.031" errors="0" timestamp="2021-11-27T22:42:45 IST" skipped="0">
  <testcase classname="test_NG.keywords3_timeOut" name="TC1" time="4.031"/>
  <system-out>
    <![CDATA[running TC1]]>
  </system-out>
</testsuite> <!-- test_NG.keywords3_timeOut -->
