<?xml version="1.0" encoding="UTF-8"?>
<!-- Generated by org.testng.reporters.JUnitReportReporter -->
<testsuite hostname="LAPTOP-1D7JHQSP" failures="0" tests="1" name="test_NG.a1_before_method" time="0.012" errors="0" timestamp="2021-12-23T10:21:39 IST" skipped="0">
  <testcase classname="test_NG.a1_before_method" name="tc1" time="0.012"/>
  <system-out>
    <![CDATA[running TC1]]>
  </system-out>
</testsuite> <!-- test_NG.a1_before_method -->
