<?xml version="1.0" encoding="UTF-8"?>
<!-- Generated by org.testng.reporters.JUnitReportReporter -->
<testsuite hostname="LAPTOP-1D7JHQSP" failures="0" tests="1" name="POM_DDF_TestNG.kite_2" time="2.621" errors="0" timestamp="2021-11-12T16:15:29 IST" skipped="0">
  <testcase classname="POM_DDF_TestNG.kite_2" name="homepage11" time="2.621"/>
  <system-out/>
</testsuite> <!-- POM_DDF_TestNG.kite_2 -->
