<?xml version="1.0" encoding="UTF-8"?>
<!-- Generated by org.testng.reporters.JUnitReportReporter -->
<testsuite hostname="LAPTOP-1D7JHQSP" failures="0" tests="2" name="testNG_assert.sample9_1_assertNull" time="0.099" errors="0" timestamp="2021-11-10T11:58:45 IST" skipped="0">
  <testcase classname="testNG_assert.sample9_1_assertNull" name="method2" time="0.001"/>
  <system-out/>
  <testcase classname="testNG_assert.sample9_1_assertNull" name="method1" time="0.098"/>
  <system-out/>
</testsuite> <!-- testNG_assert.sample9_1_assertNull -->
