<?xml version="1.0" encoding="UTF-8"?>
<!-- Generated by org.testng.reporters.JUnitReportReporter -->
<testsuite hostname="LAPTOP-1D7JHQSP" failures="0" tests="2" name="test_NG_suite.failed_1_sample2" time="0.003" errors="0" timestamp="2021-11-16T17:07:41 IST" skipped="0">
  <testcase classname="test_NG_suite.failed_1_sample2" name="tc3" time="0.001"/>
  <system-out>
    <![CDATA[running tc3]]>
  </system-out>
  <testcase classname="test_NG_suite.failed_1_sample2" name="tc4" time="0.002"/>
  <system-out>
    <![CDATA[running tc4]]>
  </system-out>
</testsuite> <!-- test_NG_suite.failed_1_sample2 -->
