<?xml version="1.0" encoding="UTF-8"?>
<!-- Generated by org.testng.reporters.JUnitReportReporter -->
<testsuite hostname="LAPTOP-1D7JHQSP" failures="0" tests="2" name="test_NG.sample2" time="0.010" errors="0" timestamp="2021-11-01T12:01:57 IST" skipped="0">
  <testcase classname="test_NG.sample2" name="subtraction" time="0.001"/>
  <system-out>
    <![CDATA[running methos 2222]]>
  </system-out>
  <testcase classname="test_NG.sample2" name="addition" time="0.009"/>
  <system-out>
    <![CDATA[running methos 1111]]>
  </system-out>
</testsuite> <!-- test_NG.sample2 -->
