<?xml version="1.0" encoding="UTF-8"?>
<!-- Generated by org.testng.reporters.JUnitReportReporter -->
<testsuite hostname="LAPTOP-1D7JHQSP" failures="0" tests="3" name="test_NG.keywords2_priorityz" time="0.013" errors="0" timestamp="2021-11-02T13:40:10 IST" skipped="0">
  <testcase classname="test_NG.keywords2_priorityz" name="TC2" time="0.011"/>
  <system-out>
    <![CDATA[running TC2]]>
  </system-out>
  <testcase classname="test_NG.keywords2_priorityz" name="TC3" time="0.001"/>
  <system-out>
    <![CDATA[running TC3]]>
  </system-out>
  <testcase classname="test_NG.keywords2_priorityz" name="TC1" time="0.001"/>
  <system-out>
    <![CDATA[running TC1]]>
  </system-out>
</testsuite> <!-- test_NG.keywords2_priorityz -->
