<?xml version="1.0" encoding="UTF-8"?>
<!-- Generated by org.testng.reporters.JUnitReportReporter -->
<testsuite hostname="LAPTOP-1D7JHQSP" failures="0" tests="2" name="test_NG.keywords4_dependsOn_method" time="0.013" errors="0" timestamp="2021-11-27T22:43:05 IST" skipped="0">
  <testcase classname="test_NG.keywords4_dependsOn_method" name="login" time="0.011"/>
  <system-out>
    <![CDATA[login successful]]>
  </system-out>
  <testcase classname="test_NG.keywords4_dependsOn_method" name="logout" time="0.002"/>
  <system-out>
    <![CDATA[logout successful]]>
  </system-out>
</testsuite> <!-- test_NG.keywords4_dependsOn_method -->
