<?xml version="1.0" encoding="UTF-8"?>
<!-- Generated by org.testng.reporters.JUnitReportReporter -->
<testsuite hostname="LAPTOP-1D7JHQSP" failures="0" tests="3" name="test_NG.grouping_sample1" time="0.015" errors="0" timestamp="2021-11-27T22:41:49 IST" skipped="0">
  <testcase classname="test_NG.grouping_sample1" name="m3" time="0.012"/>
  <system-out>
    <![CDATA[running m3]]>
  </system-out>
  <testcase classname="test_NG.grouping_sample1" name="m4" time="0.002"/>
  <system-out>
    <![CDATA[running m4]]>
  </system-out>
  <testcase classname="test_NG.grouping_sample1" name="m5" time="0.001"/>
  <system-out>
    <![CDATA[running m5]]>
  </system-out>
</testsuite> <!-- test_NG.grouping_sample1 -->
