<?xml version="1.0" encoding="UTF-8"?>
<!-- Generated by org.testng.reporters.JUnitReportReporter -->
<testsuite hostname="LAPTOP-1D7JHQSP" failures="0" tests="2" name="test_NG_suite.a1_s1" time="0.016" errors="0" timestamp="2021-11-27T22:33:27 IST" skipped="0">
  <testcase classname="test_NG_suite.a1_s1" name="tc2" time="0.010"/>
  <system-out>
    <![CDATA[running tc2 from s1]]>
  </system-out>
  <testcase classname="test_NG_suite.a1_s1" name="tc1" time="0.006"/>
  <system-out>
    <![CDATA[running tc1 from s1]]>
  </system-out>
</testsuite> <!-- test_NG_suite.a1_s1 -->
