<?xml version="1.0" encoding="UTF-8"?>
<!-- Generated by org.testng.reporters.JUnitReportReporter -->
<testsuite hostname="LAPTOP-1D7JHQSP" failures="0" tests="1" name="test_NG.parallel2_demo3" time="5.195" errors="0" timestamp="2021-11-11T18:19:53 IST" skipped="0">
  <testcase classname="test_NG.parallel2_demo3" name="m1" time="5.195"/>
  <system-out/>
</testsuite> <!-- test_NG.parallel2_demo3 -->
