<?xml version="1.0" encoding="UTF-8"?>
<!-- Generated by org.testng.reporters.JUnitReportReporter -->
<testsuite hostname="LAPTOP-1D7JHQSP" failures="0" tests="2" name="test_NG_suite.f1_a2" time="0.002" errors="0" timestamp="2021-11-11T17:57:39 IST" skipped="0">
  <testcase classname="test_NG_suite.f1_a2" name="method4" time="0.001"/>
  <system-out>
    <![CDATA[running method m4]]>
  </system-out>
  <testcase classname="test_NG_suite.f1_a2" name="method3" time="0.001"/>
  <system-out>
    <![CDATA[running method m3]]>
  </system-out>
</testsuite> <!-- test_NG_suite.f1_a2 -->
