<?xml version="1.0" encoding="UTF-8"?>
<!-- Generated by org.testng.reporters.JUnitReportReporter -->
<testsuite hostname="LAPTOP-1D7JHQSP" failures="0" tests="2" name="test_NG.sample1" time="61.236" errors="0" timestamp="2021-11-01T11:46:53 IST" skipped="0">
  <testcase classname="test_NG.sample1" name="m1" time="35.165"/>
  <system-out/>
  <testcase classname="test_NG.sample1" name="m222" time="26.071"/>
  <system-out/>
</testsuite> <!-- test_NG.sample1 -->
