<?xml version="1.0" encoding="UTF-8"?>
<!-- Generated by org.testng.reporters.JUnitReportReporter -->
<testsuite hostname="LAPTOP-1D7JHQSP" failures="0" tests="1" name="testNG_assert.sample1_assertEquals" time="0.067" errors="0" timestamp="2021-11-11T18:00:13 IST" skipped="0">
  <testcase classname="testNG_assert.sample1_assertEquals" name="tc1" time="0.067"/>
  <system-out/>
</testsuite> <!-- testNG_assert.sample1_assertEquals -->
