<?xml version="1.0" encoding="UTF-8"?>
<!-- Generated by org.testng.reporters.JUnitReportReporter -->
<testsuite hostname="LAPTOP-1D7JHQSP" failures="0" tests="2" name="test_NG.disable_TC_3_using_exclude" time="0.014" errors="0" timestamp="2021-11-10T13:15:46 IST" skipped="0">
  <testcase classname="test_NG.disable_TC_3_using_exclude" name="m3" time="0.002"/>
  <system-out>
    <![CDATA[running m3]]>
  </system-out>
  <testcase classname="test_NG.disable_TC_3_using_exclude" name="m2" time="0.012"/>
  <system-out>
    <![CDATA[running m2]]>
  </system-out>
</testsuite> <!-- test_NG.disable_TC_3_using_exclude -->
