<?xml version="1.0" encoding="UTF-8"?>
<!-- Generated by org.testng.reporters.JUnitReportReporter -->
<testsuite hostname="LAPTOP-1D7JHQSP" failures="0" tests="2" name="test_NG.a2" time="0.013" errors="0" timestamp="2021-11-02T13:07:42 IST" skipped="0">
  <testcase classname="test_NG.a2" name="TC1" time="0.006"/>
  <system-out>
    <![CDATA[running TC1]]>
  </system-out>
  <testcase classname="test_NG.a2" name="TC2" time="0.007"/>
  <system-out>
    <![CDATA[running TC2]]>
  </system-out>
</testsuite> <!-- test_NG.a2 -->
