<?xml version="1.0" encoding="UTF-8"?>
<!-- Generated by org.testng.reporters.JUnitReportReporter -->
<testsuite hostname="LAPTOP-1D7JHQSP" failures="0" tests="1" name="test_NG.disable_TC_2_using_include" time="0.008" errors="0" timestamp="2021-11-11T18:08:29 IST" skipped="0">
  <testcase classname="test_NG.disable_TC_2_using_include" name="m3" time="0.008"/>
  <system-out>
    <![CDATA[running m3]]>
  </system-out>
</testsuite> <!-- test_NG.disable_TC_2_using_include -->
