<?xml version="1.0" encoding="UTF-8"?>
<!-- Generated by org.testng.reporters.JUnitReportReporter -->
<testsuite hostname="LAPTOP-1D7JHQSP" failures="0" tests="1" name="testNG_assert.sample4" time="0.014" errors="0" timestamp="2021-11-27T22:26:31 IST" skipped="0">
  <testcase classname="testNG_assert.sample4" name="method2" time="0.014"/>
  <system-out/>
</testsuite> <!-- testNG_assert.sample4 -->
