<?xml version="1.0" encoding="UTF-8"?>
<!-- Generated by org.testng.reporters.JUnitReportReporter -->
<testsuite hostname="LAPTOP-1D7JHQSP" failures="0" tests="2" name="test_NG_suite.demo1_sample3" time="0.014" errors="0" timestamp="2021-11-11T11:52:43 IST" skipped="0">
  <testcase classname="test_NG_suite.demo1_sample3" name="TC6" time="0.002"/>
  <system-out>
    <![CDATA[running TC6]]>
  </system-out>
  <testcase classname="test_NG_suite.demo1_sample3" name="TC5" time="0.012"/>
  <system-out>
    <![CDATA[running TC5]]>
  </system-out>
</testsuite> <!-- test_NG_suite.demo1_sample3 -->
