<?xml version="1.0" encoding="UTF-8"?>
<!-- Generated by org.testng.reporters.JUnitReportReporter -->
<testsuite hostname="LAPTOP-1D7JHQSP" failures="0" tests="1" name="test_NG.p3" time="11.936" errors="0" timestamp="2021-11-26T20:08:39 IST" skipped="0">
  <testcase classname="test_NG.p3" name="tc3" time="11.936"/>
  <system-out/>
</testsuite> <!-- test_NG.p3 -->
